<?xml version="1.0" encoding="UTF-8"?>
<coverage generated="1741063750155" clover="3.2.0">
  <project timestamp="1741063750155" name="All files">
    <metrics statements="15" coveredstatements="15" conditionals="10" coveredconditionals="10" methods="3" coveredmethods="3" elements="28" coveredelements="28" complexity="0" loc="15" ncloc="15" packages="2" files="2" classes="2"/>
    <package name="exception">
      <metrics statements="3" coveredstatements="3" conditionals="0" coveredconditionals="0" methods="1" coveredmethods="1"/>
      <file name="validation-error.exception.ts" path="/Users/erasmodesouzapinheiro/Documents/Dev/data-validator/src/domain/validation/exception/validation-error.exception.ts">
        <metrics statements="3" coveredstatements="3" conditionals="0" coveredconditionals="0" methods="1" coveredmethods="1"/>
        <line num="4" count="11" type="stmt"/>
        <line num="5" count="11" type="stmt"/>
        <line num="9" count="1" type="stmt"/>
      </file>
    </package>
    <package name="validators">
      <metrics statements="12" coveredstatements="12" conditionals="10" coveredconditionals="10" methods="2" coveredmethods="2"/>
      <file name="string.validator.ts" path="/Users/erasmodesouzapinheiro/Documents/Dev/data-validator/src/domain/validation/validators/string.validator.ts">
        <metrics statements="12" coveredstatements="12" conditionals="10" coveredconditionals="10" methods="2" coveredmethods="2"/>
        <line num="1" count="1" type="stmt"/>
        <line num="12" count="1" type="stmt"/>
        <line num="17" count="6" type="stmt"/>
        <line num="25" count="16" type="cond" truecount="1" falsecount="0"/>
        <line num="26" count="2" type="stmt"/>
        <line num="31" count="14" type="cond" truecount="3" falsecount="0"/>
        <line num="32" count="4" type="stmt"/>
        <line num="37" count="10" type="cond" truecount="3" falsecount="0"/>
        <line num="38" count="3" type="stmt"/>
        <line num="43" count="7" type="cond" truecount="3" falsecount="0"/>
        <line num="44" count="2" type="stmt"/>
        <line num="48" count="5" type="stmt"/>
      </file>
    </package>
  </project>
</coverage>
