{"/Users/erasmodesouzapinheiro/Documents/Dev/data-validator/src/domain/validation/exception/validation-error.exception.ts": {"path":"/Users/erasmodesouzapinheiro/Documents/Dev/data-validator/src/domain/validation/exception/validation-error.exception.ts","statementMap":{"0":{"start":{"line":4,"column":4},"end":{"line":4,"column":19}},"1":{"start":{"line":5,"column":4},"end":{"line":5,"column":43}},"2":{"start":{"line":9,"column":9},"end":{"line":9,"column":33}}},"fnMap":{"0":{"name":"(anonymous_0)","decl":{"start":{"line":3,"column":2},"end":{"line":3,"column":14}},"loc":{"start":{"line":3,"column":29},"end":{"line":6,"column":3}}}},"branchMap":{},"s":{"0":11,"1":11,"2":1},"f":{"0":11},"b":{}}
,"/Users/erasmodesouzapinheiro/Documents/Dev/data-validator/src/domain/validation/validators/string.validator.ts": {"path":"/Users/erasmodesouzapinheiro/Documents/Dev/data-validator/src/domain/validation/validators/string.validator.ts","statementMap":{"0":{"start":{"line":1,"column":0},"end":{"line":1,"column":83}},"1":{"start":{"line":17,"column":22},"end":{"line":17,"column":51}},"2":{"start":{"line":25,"column":4},"end":{"line":29,"column":5}},"3":{"start":{"line":26,"column":6},"end":{"line":28,"column":8}},"4":{"start":{"line":31,"column":4},"end":{"line":35,"column":5}},"5":{"start":{"line":32,"column":6},"end":{"line":34,"column":8}},"6":{"start":{"line":37,"column":4},"end":{"line":41,"column":5}},"7":{"start":{"line":38,"column":6},"end":{"line":40,"column":8}},"8":{"start":{"line":43,"column":4},"end":{"line":47,"column":5}},"9":{"start":{"line":44,"column":6},"end":{"line":46,"column":8}},"10":{"start":{"line":48,"column":4},"end":{"line":48,"column":16}},"11":{"start":{"line":12,"column":0},"end":{"line":12,"column":13}}},"fnMap":{"0":{"name":"(anonymous_0)","decl":{"start":{"line":17,"column":2},"end":{"line":17,"column":22}},"loc":{"start":{"line":17,"column":51},"end":{"line":17,"column":55}}},"1":{"name":"(anonymous_1)","decl":{"start":{"line":24,"column":2},"end":{"line":24,"column":10}},"loc":{"start":{"line":24,"column":25},"end":{"line":49,"column":3}}}},"branchMap":{"0":{"loc":{"start":{"line":25,"column":4},"end":{"line":29,"column":5}},"type":"if","locations":[{"start":{"line":25,"column":4},"end":{"line":29,"column":5}}]},"1":{"loc":{"start":{"line":31,"column":4},"end":{"line":35,"column":5}},"type":"if","locations":[{"start":{"line":31,"column":4},"end":{"line":35,"column":5}}]},"2":{"loc":{"start":{"line":31,"column":8},"end":{"line":31,"column":71}},"type":"binary-expr","locations":[{"start":{"line":31,"column":8},"end":{"line":31,"column":30}},{"start":{"line":31,"column":34},"end":{"line":31,"column":71}}]},"3":{"loc":{"start":{"line":37,"column":4},"end":{"line":41,"column":5}},"type":"if","locations":[{"start":{"line":37,"column":4},"end":{"line":41,"column":5}}]},"4":{"loc":{"start":{"line":37,"column":8},"end":{"line":37,"column":71}},"type":"binary-expr","locations":[{"start":{"line":37,"column":8},"end":{"line":37,"column":30}},{"start":{"line":37,"column":34},"end":{"line":37,"column":71}}]},"5":{"loc":{"start":{"line":43,"column":4},"end":{"line":47,"column":5}},"type":"if","locations":[{"start":{"line":43,"column":4},"end":{"line":47,"column":5}}]},"6":{"loc":{"start":{"line":43,"column":8},"end":{"line":43,"column":65}},"type":"binary-expr","locations":[{"start":{"line":43,"column":8},"end":{"line":43,"column":28}},{"start":{"line":43,"column":32},"end":{"line":43,"column":65}}]}},"s":{"0":1,"1":6,"2":16,"3":2,"4":14,"5":4,"6":10,"7":3,"8":7,"9":2,"10":5,"11":1},"f":{"0":6,"1":16},"b":{"0":[2],"1":[4],"2":[14,7],"3":[3],"4":[10,5],"5":[2],"6":[7,4]}}
}
