TN:
SF:src/domain/validation/exception/validation-error.exception.ts
FN:3,(anonymous_0)
FNF:1
FNH:1
FNDA:11,(anonymous_0)
DA:4,11
DA:5,11
DA:9,1
LF:3
LH:3
BRF:0
BRH:0
end_of_record
TN:
SF:src/domain/validation/validators/string.validator.ts
FN:17,(anonymous_0)
FN:24,(anonymous_1)
FNF:2
FNH:2
FNDA:6,(anonymous_0)
FNDA:16,(anonymous_1)
DA:1,1
DA:12,1
DA:17,6
DA:25,16
DA:26,2
DA:31,14
DA:32,4
DA:37,10
DA:38,3
DA:43,7
DA:44,2
DA:48,5
LF:12
LH:12
BRDA:25,0,0,2
BRDA:31,1,0,4
BRDA:31,2,0,14
BRDA:31,2,1,7
BRDA:37,3,0,3
BRDA:37,4,0,10
BRDA:37,4,1,5
BRDA:43,5,0,2
BRDA:43,6,0,7
BRDA:43,6,1,4
BRF:10
BRH:10
end_of_record
